[htmldemo.net/eme/eme/index.html]
[backblue.gif]
[fade.gif]
[index.html]
[htmldemo.net/eme/eme/images/favicon.ico]
[htmldemo.net/eme/eme/apple-touch-icon.png]
[htmldemo.net/eme/eme/css/owl.carousel.min.css]
[htmldemo.net/eme/eme/css/owl.theme.default.min.css]
[htmldemo.net/eme/eme/css/core.css]
[htmldemo.net/eme/eme/css/bootstrap.min.css]
[htmldemo.net/eme/eme/css/shortcode/shortcodes.css]
[htmldemo.net/eme/eme/style.css]
[htmldemo.net/eme/eme/css/responsive.css]
[htmldemo.net/eme/eme/css/custom.css]
[htmldemo.net/eme/eme/js/vendor/modernizr-2.8.3.min.js]
[htmldemo.net/eme/eme/images/logo/eme.png]
[htmldemo.net/eme/eme/blog.html]
[htmldemo.net/eme/eme/wishlist.html]
[htmldemo.net/eme/eme/index-2.html]
[htmldemo.net/eme/eme/index-3.html]
[htmldemo.net/eme/eme/index-4.html]
[htmldemo.net/eme/eme/index-5.html]
[htmldemo.net/eme/eme/shop.html]
[htmldemo.net/eme/eme/product-grid.html]
[htmldemo.net/eme/eme/product-list.html]
[htmldemo.net/eme/eme/cart.html]
[htmldemo.net/eme/eme/checkout.html]
[htmldemo.net/eme/eme/product-details.html]
[htmldemo.net/eme/eme/blog-details.html]
[htmldemo.net/eme/eme/contact.html]
[htmldemo.net/eme/eme/images/product-2/sm-smg/1.jpg]
[htmldemo.net/eme/eme/images/product-2/sm-smg/2.jpg]
[htmldemo.net/eme/eme/images/slider/fornt-img/1.jpg]
[htmldemo.net/eme/eme/images/slider/fornt-img/2.jpg]
[htmldemo.net/eme/eme/images/slider/fornt-img/3.jpg]
[htmldemo.net/eme/eme/images/product/9.jpg]
[htmldemo.net/eme/eme/images/product/1.jpg]
[htmldemo.net/eme/eme/images/product/2.jpg]
[htmldemo.net/eme/eme/images/product/4.jpg]
[htmldemo.net/eme/eme/images/product/3.jpg]
[htmldemo.net/eme/eme/images/product/5.jpg]
[htmldemo.net/eme/eme/images/product/7.jpg]
[htmldemo.net/eme/eme/images/product/6.jpg]
[htmldemo.net/eme/eme/images/product/8.jpg]
[htmldemo.net/eme/eme/images/banner/big-img/1.jpg]
[htmldemo.net/eme/eme/images/banner/big-img/3.jpg]
[htmldemo.net/eme/eme/images/product-2/pro-1/1.jpg]
[htmldemo.net/eme/eme/images/product-2/pro-1/2.jpg]
[htmldemo.net/eme/eme/images/product-2/pro-1/3.jpg]
[htmldemo.net/eme/eme/images/product-2/pro-1/4.jpg]
[htmldemo.net/eme/eme/images/test/client/1.png]
[htmldemo.net/eme/eme/images/others/shape/quote.png]
[htmldemo.net/eme/eme/images/test/client/2.png]
[htmldemo.net/eme/eme/images/blog/blog-img/1.jpg]
[htmldemo.net/eme/eme/images/blog/blog-img/2.jpg]
[htmldemo.net/eme/eme/images/brand/1.png]
[htmldemo.net/eme/eme/images/brand/2.png]
[htmldemo.net/eme/eme/images/brand/3.png]
[htmldemo.net/eme/eme/images/brand/4.png]
[htmldemo.net/eme/eme/images/brand/5.png]
[htmldemo.net/eme/eme/images/banner/bn-3/1.jpg]
[htmldemo.net/eme/eme/images/banner/bn-3/2.jpg]
[htmldemo.net/eme/eme/images/banner/bn-3/3.jpg]
[htmldemo.net/eme/eme/images/banner/bn-3/4.jpg]
[htmldemo.net/eme/eme/images/banner/bn-3/5.jpg]
[htmldemo.net/eme/eme/images/banner/bn-3/6.jpg]
[htmldemo.net/eme/eme/about.html]
[htmldemo.net/eme/eme/images/others/shape/paypol.png]
[htmldemo.net/eme/eme/js/vendor/jquery-1.12.4.min.js]
[htmldemo.net/eme/eme/js/bootstrap.min.js]
[htmldemo.net/eme/eme/js/slick.min.js]
[htmldemo.net/eme/eme/js/plugins.js]
[htmldemo.net/eme/eme/js/owl.carousel.min.js]
[htmldemo.net/eme/eme/js/waypoints.min.js]
[htmldemo.net/eme/eme/index.html]
[htmldemo.net/eme/eme/apple-touch-icon.html]
[htmldemo.net/eme/eme/css/bootstrap.min.css]
[htmldemo.net/eme/eme/js/main.js]
[htmldemo.net/eme/eme/css/owl.video.play.png]
[htmldemo.net/eme/eme/css/owl.carousel.min.css]
[htmldemo.net/eme/eme/css/owl.theme.default.min.css]
[htmldemo.net/eme/eme/css/material-design-iconic-font.min.css]
[htmldemo.net/eme/eme/css/simple-line-icons.css]
[htmldemo.net/eme/eme/css/font-awesome.css]
[htmldemo.net/eme/eme/css/plugins/animate.css]
[htmldemo.net/eme/eme/css/plugins/animate-slider.css]
[htmldemo.net/eme/eme/css/shortcode/default.css]
[htmldemo.net/eme/eme/css/plugins/jquery-ui.css]
[htmldemo.net/eme/eme/css/plugins/slick.css]
[htmldemo.net/eme/eme/css/plugins/slick-theme.css]
[htmldemo.net/eme/eme/css/core.css]
[htmldemo.net/eme/eme/css/plugins/meanmenu.css]
[htmldemo.net/eme/eme/css/shortcode/header.css]
[htmldemo.net/eme/eme/css/shortcode/slider.css]
[htmldemo.net/eme/eme/css/shortcode/shortcodes.css]
[htmldemo.net/eme/eme/css/shortcode/footer.css]
[htmldemo.net/eme/eme/images/others/shape/1.png]
[htmldemo.net/eme/eme/images/others/shape/2.png]
[htmldemo.net/eme/eme/images/others/shape/3.png]
[htmldemo.net/eme/eme/images/others/shape/4.png]
[htmldemo.net/eme/eme/images/others/shape/5.png]
[htmldemo.net/eme/eme/images/icons/select-option.png]
[htmldemo.net/eme/eme/style.css]
[htmldemo.net/eme/eme/css/responsive.css]
[htmldemo.net/eme/eme/css/custom.css]
[htmldemo.net/eme/eme/images/bg/4.jpg]
[htmldemo.net/eme/eme/images/blog/blog-img/3.jpg]
[htmldemo.net/eme/eme/images/blog/blog-img/4.jpg]
[htmldemo.net/eme/eme/images/blog/blog-img/5.jpg]
[htmldemo.net/eme/eme/images/blog/blog-img/6.jpg]
[htmldemo.net/eme/eme/blog.html]
[htmldemo.net/eme/eme/wishlist.html]
[htmldemo.net/eme/eme/images/logo/3.png]
[htmldemo.net/eme/eme/images/slider/bg/1.jpg]
[htmldemo.net/eme/eme/images/slider/bg/2.jpg]
[htmldemo.net/eme/eme/images/product-2/pro-1/5.jpg]
[htmldemo.net/eme/eme/images/product-2/pro-1/6.jpg]
[htmldemo.net/eme/eme/images/product-2/pro-1/7.jpg]
[htmldemo.net/eme/eme/images/product-2/pro-1/8.jpg]
[htmldemo.net/eme/eme/images/product-2/pro-1/9.jpg]
[htmldemo.net/eme/eme/images/product-2/pro-1/10.jpg]
[htmldemo.net/eme/eme/images/product-2/pro-1/11.jpg]
[htmldemo.net/eme/eme/images/product-2/pro-1/12.jpg]
[htmldemo.net/eme/eme/images/banner/bn-2/1.jpg]
[htmldemo.net/eme/eme/images/banner/bn-2/text.png]
[htmldemo.net/eme/eme/index-2.html]
[htmldemo.net/eme/eme/images/logo/4.png]
[htmldemo.net/eme/eme/images/slider/bg/3.jpg]
[htmldemo.net/eme/eme/images/promobox/1.jpg]
[htmldemo.net/eme/eme/images/promobox/2.jpg]
[htmldemo.net/eme/eme/images/promobox/3.jpg]
[htmldemo.net/eme/eme/images/promobox/4.jpg]
[htmldemo.net/eme/eme/images/about/1.png]
[htmldemo.net/eme/eme/images/banner/big-img/5.jpg]
[htmldemo.net/eme/eme/images/product-2/sm-img-2/1.jpg]
[htmldemo.net/eme/eme/images/product-2/sm-img-2/2.jpg]
[htmldemo.net/eme/eme/images/product-2/sm-img-2/3.jpg]
[htmldemo.net/eme/eme/images/product-2/sm-img-2/4.jpg]
[htmldemo.net/eme/eme/images/product-2/sm-img-2/5.jpg]
[htmldemo.net/eme/eme/images/product-2/sm-img-2/6.jpg]
[htmldemo.net/eme/eme/index-3.html]
[htmldemo.net/eme/eme/images/banner/bn-4/1.jpg]
[htmldemo.net/eme/eme/images/banner/bn-4/7.jpg]
[htmldemo.net/eme/eme/images/banner/bn-4/6.jpg]
[htmldemo.net/eme/eme/images/banner/bn-4/5.jpg]
[htmldemo.net/eme/eme/images/others/shape/new.png]
[htmldemo.net/eme/eme/images/banner/bn-4/4.jpg]
[htmldemo.net/eme/eme/images/banner/bn-4/3.jpg]
[htmldemo.net/eme/eme/index-4.html]
[htmldemo.net/eme/eme/images/slider/bg/6.jpg]
[htmldemo.net/eme/eme/images/slider/bg/8.jpg]
[htmldemo.net/eme/eme/images/slider/bg/7.jpg]
[htmldemo.net/eme/eme/images/bg/1.jpg]
[htmldemo.net/eme/eme/images/bg/2.jpg]
[htmldemo.net/eme/eme/images/bg/3.jpg]
[htmldemo.net/eme/eme/index-5.html]
[htmldemo.net/eme/eme/shop.html]
[htmldemo.net/eme/eme/images/product-2/sm-smg/3.jpg]
[htmldemo.net/eme/eme/images/product-2/sm-smg/4.jpg]
[htmldemo.net/eme/eme/product-grid.html]
[htmldemo.net/eme/eme/product-list.html]
[htmldemo.net/eme/eme/images/product-2/cart-img/1.jpg]
[htmldemo.net/eme/eme/images/product-2/cart-img/2.jpg]
[htmldemo.net/eme/eme/images/product-2/cart-img/3.jpg]
[htmldemo.net/eme/eme/images/product-2/cart-img/4.jpg]
[htmldemo.net/eme/eme/cart.html]
[htmldemo.net/eme/eme/images/cart/1.png]
[htmldemo.net/eme/eme/images/cart/2.png]
[htmldemo.net/eme/eme/checkout.html]
[htmldemo.net/eme/eme/images/product-2/big-img/1.jpg]
[htmldemo.net/eme/eme/images/product-2/big-img/2.jpg]
[htmldemo.net/eme/eme/images/product-2/big-img/3.jpg]
[htmldemo.net/eme/eme/images/product-2/sm-img-3/3.jpg]
[htmldemo.net/eme/eme/images/product-2/sm-img-3/1.jpg]
[htmldemo.net/eme/eme/images/product-2/sm-img-3/2.jpg]
[htmldemo.net/eme/eme/product-details.html]
[htmldemo.net/eme/eme/images/blog/big-images/1.jpg]
[htmldemo.net/eme/eme/images/comment/1.png]
[htmldemo.net/eme/eme/images/comment/2.png]
[htmldemo.net/eme/eme/images/comment/3.png]
[htmldemo.net/eme/eme/blog-details.html]
[htmldemo.net/eme/eme/contact.html]
[htmldemo.net/eme/eme/about.html]
[htmldemo.net/eme/eme/js/ajax-mail.js]
[htmldemo.net/eme/eme/fonts/Material-Design-Iconic-Fontd1f1.woff2]
[htmldemo.net/eme/eme/fonts/Material-Design-Iconic-Fontd1f1.woff]
[htmldemo.net/eme/eme/fonts/Material-Design-Iconic-Fontd1f1.ttf]
[htmldemo.net/eme/eme/css/material-design-iconic-font.min.css]
[htmldemo.net/eme/eme/fonts/Simple-Line-Iconsb26c.woff2]
[htmldemo.net/eme/eme/fonts/Simple-Line-Iconsb26c.eot]
[htmldemo.net/eme/eme/fonts/Simple-Line-Iconsb26c.ttf]
[htmldemo.net/eme/eme/fonts/Simple-Line-Iconsb26c.woff]
[htmldemo.net/eme/eme/css/simple-line-icons.css]
[htmldemo.net/eme/eme/fonts/fontawesome-webfont3e6e.eot]
[htmldemo.net/eme/eme/fonts/Simple-Line-Iconsb26c.svg]
[htmldemo.net/eme/eme/fonts/fontawesome-webfont3e6e.woff2]
[htmldemo.net/eme/eme/fonts/fontawesome-webfont3e6e.woff]
[htmldemo.net/eme/eme/fonts/fontawesome-webfontd41d.eot]
[htmldemo.net/eme/eme/fonts/fontawesome-webfont3e6e.ttf]
[htmldemo.net/eme/eme/css/font-awesome.css]
[htmldemo.net/eme/eme/css/plugins/animate.css]
[htmldemo.net/eme/eme/css/plugins/animate-slider.css]
[htmldemo.net/eme/eme/css/shortcode/default.css]
[htmldemo.net/eme/eme/css/plugins/images/ui-icons_444444_256x240.png]
[htmldemo.net/eme/eme/css/plugins/images/ui-icons_555555_256x240.png]
[htmldemo.net/eme/eme/fonts/fontawesome-webfont3e6e.svg]
[htmldemo.net/eme/eme/css/plugins/images/ui-icons_ffffff_256x240.png]
[htmldemo.net/eme/eme/css/plugins/images/ui-icons_777620_256x240.png]
[htmldemo.net/eme/eme/css/plugins/images/ui-icons_cc0000_256x240.png]
[htmldemo.net/eme/eme/css/plugins/images/ui-icons_777777_256x240.png]
[htmldemo.net/eme/eme/css/plugins/jquery-ui.css]
[htmldemo.net/eme/eme/css/plugins/slick.css]
[htmldemo.net/eme/eme/css/plugins/ajax-loader.gif]
[htmldemo.net/eme/eme/css/plugins/fonts/slick.eot]
[htmldemo.net/eme/eme/css/plugins/fonts/slickd41d.eot]
[htmldemo.net/eme/eme/css/plugins/fonts/slick.woff]
[htmldemo.net/eme/eme/css/plugins/fonts/slick.ttf]
[htmldemo.net/eme/eme/css/plugins/slick-theme.css]
[htmldemo.net/eme/eme/css/plugins/meanmenu.css]
[htmldemo.net/eme/eme/css/plugins/fonts/slick.svg]
[htmldemo.net/eme/eme/images/icons/close-20.png]
[htmldemo.net/eme/eme/css/shortcode/header.css]
[htmldemo.net/eme/eme/images/icons/arrow-down-long.png]
[htmldemo.net/eme/eme/css/shortcode/slider.css]
[htmldemo.net/eme/eme/images/others/shape/lan.png]
[htmldemo.net/eme/eme/css/shortcode/footer.css]
[htmldemo.net/eme/eme/fonts/Simple-Line-Iconsb26c.svg]
[htmldemo.net/eme/eme/fonts/fontawesome-webfont3e6e.svg]
[htmldemo.net/eme/eme/css/plugins/fonts/slick.svg]
